[debug] [2026-07-12T23:10:26.626Z] ----------------------------------------------------------------------
[debug] [2026-07-12T23:10:26.629Z] Command:       C:\Program Files\nodejs\node.exe C:\Users\moohy\AppData\Local\npm-cache\_npx\7750544ccf494d8b\node_modules\firebase-tools\lib\bin\firebase.js deploy
[debug] [2026-07-12T23:10:26.629Z] CLI Version:   15.23.0
[debug] [2026-07-12T23:10:26.629Z] Platform:      win32
[debug] [2026-07-12T23:10:26.629Z] Node Version:  v24.13.1
[debug] [2026-07-12T23:10:26.629Z] Detected Agent: antigravity
[debug] [2026-07-12T23:10:26.630Z] Time:          Sun Jul 12 2026 18:10:26 GMT-0500 (Central Daylight Time)
[debug] [2026-07-12T23:10:26.630Z] ----------------------------------------------------------------------
[debug] 
[debug] [2026-07-12T23:10:29.387Z] > command requires scopes: ["email","openid","https://www.googleapis.com/auth/cloudplatformprojects.readonly","https://www.googleapis.com/auth/firebase","https://www.googleapis.com/auth/cloud-platform"]
[debug] [2026-07-12T23:10:29.388Z] > authorizing via signed-in user (moohyeong.lee@gmail.com)
[debug] [2026-07-12T23:10:29.388Z] [iam] checking project chicago-ai-web-factory for permissions ["firebase.projects.get","firebasehosting.sites.update"]
[debug] [2026-07-12T23:10:29.400Z] Checked if tokens are valid: true, expires at: 1783899861713
[debug] [2026-07-12T23:10:29.400Z] Checked if tokens are valid: true, expires at: 1783899861713
[debug] [2026-07-12T23:10:29.401Z] >>> [apiv2][query] POST https://cloudresourcemanager.googleapis.com/v1/projects/chicago-ai-web-factory:testIamPermissions [none]
[debug] [2026-07-12T23:10:29.401Z] >>> [apiv2][(partial)header] POST https://cloudresourcemanager.googleapis.com/v1/projects/chicago-ai-web-factory:testIamPermissions  x-goog-user-project=chicago-ai-web-factory
[debug] [2026-07-12T23:10:29.401Z] >>> [apiv2][body] POST https://cloudresourcemanager.googleapis.com/v1/projects/chicago-ai-web-factory:testIamPermissions {"permissions":["firebase.projects.get","firebasehosting.sites.update"]}
[debug] [2026-07-12T23:10:29.661Z] <<< [apiv2][status] POST https://cloudresourcemanager.googleapis.com/v1/projects/chicago-ai-web-factory:testIamPermissions 200
[debug] [2026-07-12T23:10:29.661Z] <<< [apiv2][body] POST https://cloudresourcemanager.googleapis.com/v1/projects/chicago-ai-web-factory:testIamPermissions {"permissions":["firebase.projects.get","firebasehosting.sites.update"]}
[debug] [2026-07-12T23:10:29.662Z] Checked if tokens are valid: true, expires at: 1783899861713
[debug] [2026-07-12T23:10:29.662Z] Checked if tokens are valid: true, expires at: 1783899861713
[debug] [2026-07-12T23:10:29.662Z] >>> [apiv2][query] GET https://firebase.googleapis.com/v1beta1/projects/chicago-ai-web-factory [none]
[debug] [2026-07-12T23:10:30.020Z] <<< [apiv2][status] GET https://firebase.googleapis.com/v1beta1/projects/chicago-ai-web-factory 200
[debug] [2026-07-12T23:10:30.020Z] <<< [apiv2][body] GET https://firebase.googleapis.com/v1beta1/projects/chicago-ai-web-factory {"projectId":"chicago-ai-web-factory","projectNumber":"1030867522776","displayName":"Chicago AI Web Factory","name":"projects/chicago-ai-web-factory","resources":{"hostingSite":"chicago-ai-web-factory"},"state":"ACTIVE","labels":{"firebase":"enabled","firebase/storage-default-bucket":"created"},"etag":"1_8f49b943-2f9d-4995-acbc-1974a6beb498"}
[info] 
[info] === Deploying to 'chicago-ai-web-factory'...
[info] 
[info] i  deploying hosting 
[debug] [2026-07-12T23:10:30.023Z] Checked if tokens are valid: true, expires at: 1783899861713
[debug] [2026-07-12T23:10:30.023Z] Checked if tokens are valid: true, expires at: 1783899861713
[debug] [2026-07-12T23:10:30.023Z] >>> [apiv2][query] GET https://firebasehosting.googleapis.com/v1beta1/projects/chicago-ai-web-factory/sites/chicago-ai-web-factory [none]
